
> design-system@1.0.0 build-storybook
> storybook build --output-dir=C:\Users\SABRIN~1.CAR\AppData\Local\Temp\chromatic--19204-mV1AqMVE76M8

[1mstorybook v9.0.18
[22m
info => Cleaning outputDir: [36m..\..\..\..\SABRIN~1.CAR\AppData\Local\Temp\chromatic--19204-mV1AqMVE76M8[39m
info => Loading presets
info => Building manager..
info => Building preview..
[36mvite v7.0.5 [32mbuilding for production...[36m[39m
transforming...
[32m✓[39m 78 modules transformed.
rendering chunks...
computing gzip size...
[2m../../../../SABRIN~1.CAR/AppData/Local/Temp/chromatic--19204-mV1AqMVE76M8/[22m[32massets/context-C0qIqeS4.png               [39m[1m[2m  6.12 kB[22m[1m[22m
[2m../../../../SABRIN~1.CAR/AppData/Local/Temp/chromatic--19204-mV1AqMVE76M8/[22m[32massets/styling-Bk6zjRzU.png               [39m[1m[2m  7.24 kB[22m[1m[22m
[2m../../../../SABRIN~1.CAR/AppData/Local/Temp/chromatic--19204-mV1AqMVE76M8/[22m[32miframe.html                               [39m[1m[2m 18.14 kB[22m[1m[22m[2m │ gzip:   5.06 kB[22m
[2m../../../../SABRIN~1.CAR/AppData/Local/Temp/chromatic--19204-mV1AqMVE76M8/[22m[32massets/docs---vsFbMi.png                  [39m[1m[2m 27.88 kB[22m[1m[22m
[2m../../../../SABRIN~1.CAR/AppData/Local/Temp/chromatic--19204-mV1AqMVE76M8/[22m[32massets/share-DGA-UcQf.png                 [39m[1m[2m 40.77 kB[22m[1m[22m
[2m../../../../SABRIN~1.CAR/AppData/Local/Temp/chromatic--19204-mV1AqMVE76M8/[22m[32massets/accessibility-W_h2acOZ.png         [39m[1m[2m 42.34 kB[22m[1m[22m
[2m../../../../SABRIN~1.CAR/AppData/Local/Temp/chromatic--19204-mV1AqMVE76M8/[22m[32massets/figma-plugin-CH2hELiO.png          [39m[1m[2m 44.25 kB[22m[1m[22m
[2m../../../../SABRIN~1.CAR/AppData/Local/Temp/chromatic--19204-mV1AqMVE76M8/[22m[32massets/theming-D6WJLNoW.png               [39m[1m[2m 44.37 kB[22m[1m[22m
[2m../../../../SABRIN~1.CAR/AppData/Local/Temp/chromatic--19204-mV1AqMVE76M8/[22m[32massets/testing-cbzR9l9r.png               [39m[1m[2m 49.31 kB[22m[1m[22m
[2m../../../../SABRIN~1.CAR/AppData/Local/Temp/chromatic--19204-mV1AqMVE76M8/[22m[32massets/addon-library-BWUCAmyN.png         [39m[1m[2m467.37 kB[22m[1m[22m
[2m../../../../SABRIN~1.CAR/AppData/Local/Temp/chromatic--19204-mV1AqMVE76M8/[22m[35massets/Header-Ck-SSN7O.css                [39m[1m[2m  0.51 kB[22m[1m[22m[2m │ gzip:   0.30 kB[22m
[2m../../../../SABRIN~1.CAR/AppData/Local/Temp/chromatic--19204-mV1AqMVE76M8/[22m[35massets/Button-B2efaGtC.css                [39m[1m[2m  0.52 kB[22m[1m[22m[2m │ gzip:   0.29 kB[22m
[2m../../../../SABRIN~1.CAR/AppData/Local/Temp/chromatic--19204-mV1AqMVE76M8/[22m[35massets/Page-CeeQJVdd.css                  [39m[1m[2m  0.91 kB[22m[1m[22m[2m │ gzip:   0.39 kB[22m
[2m../../../../SABRIN~1.CAR/AppData/Local/Temp/chromatic--19204-mV1AqMVE76M8/[22m[36massets/Button-DfetVkf1.js                 [39m[1m[2m  0.37 kB[22m[1m[22m[2m │ gzip:   0.25 kB[22m
[2m../../../../SABRIN~1.CAR/AppData/Local/Temp/chromatic--19204-mV1AqMVE76M8/[22m[36massets/index-bCKWrnMd.js                  [39m[1m[2m  0.45 kB[22m[1m[22m[2m │ gzip:   0.29 kB[22m
[2m../../../../SABRIN~1.CAR/AppData/Local/Temp/chromatic--19204-mV1AqMVE76M8/[22m[36massets/Header.stories-BVTrlEpl.js         [39m[1m[2m  0.70 kB[22m[1m[22m[2m │ gzip:   0.39 kB[22m
[2m../../../../SABRIN~1.CAR/AppData/Local/Temp/chromatic--19204-mV1AqMVE76M8/[22m[36massets/Header-DIN8LOJ2.js                 [39m[1m[2m  1.16 kB[22m[1m[22m[2m │ gzip:   0.65 kB[22m
[2m../../../../SABRIN~1.CAR/AppData/Local/Temp/chromatic--19204-mV1AqMVE76M8/[22m[36massets/Button.stories-CDXaH8yY.js         [39m[1m[2m  1.33 kB[22m[1m[22m[2m │ gzip:   0.52 kB[22m
[2m../../../../SABRIN~1.CAR/AppData/Local/Temp/chromatic--19204-mV1AqMVE76M8/[22m[36massets/Page.stories--oJ7OJ9u.js           [39m[1m[2m  3.60 kB[22m[1m[22m[2m │ gzip:   1.60 kB[22m
[2m../../../../SABRIN~1.CAR/AppData/Local/Temp/chromatic--19204-mV1AqMVE76M8/[22m[36massets/Configure-Bfsdz8TW.js              [39m[1m[2m 25.37 kB[22m[1m[22m[2m │ gzip:  10.92 kB[22m
[2m../../../../SABRIN~1.CAR/AppData/Local/Temp/chromatic--19204-mV1AqMVE76M8/[22m[36massets/Color-AVL7NMMY-BSg5hLa-.js         [39m[1m[2m 29.08 kB[22m[1m[22m[2m │ gzip:  10.97 kB[22m
[2m../../../../SABRIN~1.CAR/AppData/Local/Temp/chromatic--19204-mV1AqMVE76M8/[22m[36massets/DocsRenderer-PQXLIZUC-RPR382El.js  [39m[1m[2m175.54 kB[22m[1m[22m[2m │ gzip:  55.76 kB[22m
[2m../../../../SABRIN~1.CAR/AppData/Local/Temp/chromatic--19204-mV1AqMVE76M8/[22m[36massets/blocks-BiGaJ97W.js                 [39m[1m[33m539.07 kB[39m[22m[2m │ gzip: 176.20 kB[22m
[2m../../../../SABRIN~1.CAR/AppData/Local/Temp/chromatic--19204-mV1AqMVE76M8/[22m[36massets/iframe-CkuBHAkv.js                 [39m[1m[33m943.54 kB[39m[22m[2m │ gzip: 255.64 kB[22m
[32m✓ built in 2.92s[39m
info => Output directory: C:\Users\SABRIN~1.CAR\AppData\Local\Temp\chromatic--19204-mV1AqMVE76M8
